/usr/games/cowsay welcome home
/usr/bin/rig
/usr/bin/toilet -E html -F gay -f mono12 welcome home
/usr/games/fortune -a
/usr/bin/toilet -E html -F gay -f mono12 welcome home
/usr/bin/figlet welcome home
/usr/bin/toilet -E html -F gay -f mono12 welcome home
/usr/bin/toilet -E html -F gay -f mono12 welcome home
/usr/games/cowsay welcome home
/usr/bin/figlet welcome home
/usr/bin/rig
/usr/games/fortune -a
/usr/bin/rig
/usr/bin/toilet -E html -F gay -f mono12 welcome home
/usr/bin/toilet -E html -F gay -f mono12 welcome home
/usr/bin/toilet -E html -F gay -f mono12 welcome home
/usr/bin/toilet -E html -F gay -f mono12 welcome home
/usr/bin/toilet -E html -F gay -f mono12 welcome home
/usr/bin/toilet -E html -F gay -f mono12 welcome home
/usr/bin/toilet -E svg xccgxgcx
/usr/bin/toilet -f banner -F gay -E svg bvnbn
/usr/bin/toilet -E html -F gay -f mono12 welcome home
/usr/bin/figlet welcome home
/usr/bin/figlet welcome home
/usr/bin/figlet -f bubble fdsdfsdfs
/usr/games/cowsay welcome home
/usr/games/cowthink -f dragon
dragon-and-cow -d dfsdfsdfsdfs
/usr/games/cowsay -f cheese qdsdfdfsdfsdfs
/usr/games/cowsay -d -f apt dfsdfsdfs
/usr/games/cowsay -f daemon dsrs
/usr/games/cowsay -d -f daemon sdfdfsdfs
/usr/games/fortune -a
/usr/games/cowsay welcome home
/usr/games/cowsay welcome home
/usr/games/cowsay welcome home
/usr/games/cowsay welcome home
/usr/games/cowsay welcome home
/usr/games/cowsay welcome home
/usr/games/cowsay welcome home
/usr/games/cowsay welcome home
/usr/games/cowsay welcome home
/usr/games/cowsay -f dragon qdsqds
/usr/games/cowsay -f dragon-and-cow ds
/usr/games/cowsay -f dragon-and-cow dfsdfsdfs
/usr/games/cowsay fdsfds
/usr/games/cowsay welcome home
/usr/games/cowsay -f dragon-and-cow ds
/usr/bin/toilet -E html -F gay -f mono12 welcome home
/usr/bin/toilet -E html -F gay -f mono12 welcome home
/usr/games/fortune -a
/usr/games/fortune
/usr/games/fortune
/usr/games/fortune
/usr/bin/rig
/usr/bin/rig
/usr/bin/figlet welcome home
/usr/games/fortune -a
/usr/games/cowsay welcome home
/usr/bin/rig
/usr/bin/toilet -E html -F gay -f mono12 welcome home
/usr/bin/toilet -w 1010 jfrjhfhdfjkshdfsjhkfdshfdshjdfsjkh
/usr/bin/toilet -E utf8 dfsfdsfds
/usr/bin/toilet -E svg dfsdfsdfs
/usr/bin/toilet -E tga dfsdfsfddfdfs
/usr/bin/toilet -E troff dfsdfsdfs
/usr/bin/toilet -E tga dsf
/usr/bin/toilet -w 1000 -f script -F gay -E svg je suis la
/usr/games/fortune -a
/usr/games/fortune -a
/usr/games/fortune -a
/usr/games/fortune -a
/usr/games/cowsay welcome home
/usr/bin/rig
/usr/bin/toilet -E html -F gay -f mono12 welcome home
/usr/bin/toilet -f mono12 -F gay -E html -w 1000 welcome home
/usr/bin/toilet -F gay -E svg -f mono12 welcome home
/usr/bin/toilet -f mono12 -F gay -E svg -w 1000 welcome home
/usr/games/fortune -a
/usr/games/fortune -a
/usr/games/fortune -a
/usr/games/fortune -a
/usr/games/fortune -a
/usr/games/fortune -a
/usr/games/fortune -a
/usr/games/cowsay welcome home
/usr/games/cowsay welcome home
/usr/games/cowsay welcome home
/usr/games/cowsay 
/usr/games/cowsay 
/usr/games/cowsay 
/usr/games/cowsay sd
/usr/games/cowsay sd
/usr/games/cowsay sd
/usr/games/cowsay sd
/usr/bin/rig
/usr/bin/toilet -E html -F gay -f mono12 welcome home
/usr/bin/figlet welcome home
/usr/bin/toilet -E html -F gay -f mono12 welcome home
/usr/bin/toilet dsdsds
/usr/games/cowsay welcome home
/usr/games/cowsay welcome home
/usr/games/cowsay welcome home
/usr/games/cowsay welcome home
/usr/games/cowsay welcome home
/usr/bin/figlet welcome home
/usr/bin/figlet welcome home
/usr/bin/toilet -E html -F gay -f mono12 welcome home
/usr/bin/figlet welcome home
/usr/bin/figlet welcome home
/usr/games/cowsay welcome home
/usr/bin/figlet welcome home
/usr/bin/toilet -E html -F gay -f mono12 welcome home
/usr/bin/toilet -E html -F gay -f mono12 welcome home
/usr/bin/rig
/usr/bin/rig -f -c -4
/usr/games/cowsay welcome home
/usr/games/fortune -a
/usr/games/fortune -a
/usr/games/fortune -a
/usr/bin/toilet -E html -F gay -f mono12 welcome home
/usr/bin/figlet welcome home
/usr/bin/figlet -w -3 
/usr/bin/figlet 
/usr/bin/figlet ty
/usr/bin/figlet -m 2 ttetrrtetett
/usr/games/cowsay welcome home
/usr/games/cowsay welcome home
/usr/games/cowsay welcome home
/usr/games/cowsay welcome home
/usr/games/cowsay -f dragon-and-cow ,n,nbnbgghg
/usr/games/cowsay -f dragon-and-cow -g rezerzerzrezerz
/usr/games/cowsay erzerzerzerz
/usr/games/cowsay -g ezrerzerz
/usr/games/cowsay -g rezerzerzerz
/usr/games/cowsay -l -g -p -s -t -b -d -w 
/usr/games/cowsay -d erzerzerzerz
/usr/games/cowsay -e -T gf 
/usr/games/cowsay -T fdfd 
/usr/games/cowsay -e -T fd 
/usr/games/cowsay -e 
/usr/games/cowsay -e ;,;,
/usr/games/cowsay -e oui
/usr/games/cowsay -e 
/usr/games/cowsay -e -T sdds 
/usr/games/cowsay -T ds dsdsds
/usr/games/cowsay -T ds ds
/usr/games/cowsay -e -T kk dffd
/usr/games/cowsay -e df sd
/usr/games/cowsay -e df -T df fd
/usr/bin/figlet welcome home
/usr/bin/figlet -W 45
/usr/bin/figlet welcome home
/usr/bin/figlet welcome home
/usr/bin/figlet welcome home
/usr/bin/figlet welcome home
/usr/bin/figlet welcome home
/usr/bin/figlet welcome home
/usr/games/cowsay welcome home
/usr/games/cowsay welcome home
/usr/games/cowsay welcome home
/usr/games/cowsay welcome home
/usr/games/cowsay welcome home
/usr/bin/figlet welcome home
/usr/games/cowsay welcome home
/usr/games/cowsay welcome home
/usr/games/cowsay welcome home
/usr/games/cowsay welcome home
/usr/games/cowsay welcome home
/usr/games/cowsay welcome home
/usr/bin/figlet welcome home
/usr/bin/toilet -E html -F gay -f mono12 welcome home
/usr/bin/toilet -E html -F gay -f mono12 welcome home
/usr/bin/toilet Oui oui oui oui oui
/usr/bin/toilet -E html -F gay -f mono12 welcome home
/usr/bin/toilet -F gay -E svg -f mono12 Oui oui oui oui oui
/usr/games/fortune -a
/usr/bin/figlet welcome home
/usr/bin/figlet -w 6 Ghjnnvgxddfgbbnnbddss
/usr/bin/toilet -E html -F gay -f mono12 welcome home
/usr/bin/toilet -E html -F gay -f mono12 welcome home
/usr/bin/toilet -f mono12 -F gay -E svg welcome home
/usr/games/fortune -a
/usr/games/fortune translate-me
/usr/bin/rig
/usr/bin/rig -c 10000000000000
/usr/bin/rig -c 10000
/usr/bin/toilet -E html -F gay -f mono12 welcome home
/usr/bin/rig
/usr/bin/rig -c 10000000
/usr/games/cowsay welcome home
/usr/bin/rig
/usr/bin/rig -c 1000000000
/usr/bin/toilet -E html -F gay -f mono12 welcome home
/usr/games/cowsay welcome home
/usr/bin/rig
/usr/bin/rig -c 1000000
/usr/games/cowsay welcome home
/usr/bin/rig
/usr/bin/rig -c 10000000
/usr/bin/rig -c 10000000
/usr/bin/rig -c 10000000
/usr/bin/rig -c 10000000
/usr/bin/toilet -E html -F gay -f mono12 welcome home
/usr/bin/toilet -E svg -f mono12 -F gay welcome home
/usr/games/fortune -a
/usr/games/fortune -a
/usr/bin/figlet welcome home
/usr/bin/rig
/usr/bin/rig -c 10000
/usr/bin/rig -c 1000000
/usr/bin/rig -c 1000000
/usr/bin/rig -c 1000000
/usr/bin/rig -c 1000000
/usr/bin/rig
/usr/bin/rig -c 5
/usr/bin/rig -c 5
/usr/bin/rig -c 22
/usr/bin/rig -c 100
/usr/bin/rig -c 100
/usr/bin/rig -c 100
/usr/bin/rig -c 100
/usr/bin/rig -c 100
/usr/bin/rig -c 100
/usr/bin/figlet welcome home
/usr/bin/figlet oui sti sti
/usr/bin/figlet -f shadow -C ilhebrew welcome home
/usr/bin/figlet -f shadow welcome home
/usr/bin/figlet -C ilhebrew welcome home
/usr/bin/figlet -C frango welcome home
/usr/bin/figlet -C 646-se dfsdfsdfs
/usr/bin/figlet -C hz welcome home
/usr/bin/rig
/usr/bin/figlet welcome home
/usr/games/cowsay welcome home
/usr/games/fortune -a
/usr/games/fortune 100% religion
/usr/bin/toilet -E html -F gay -f mono12 welcome home
/usr/bin/toilet -f banner fd
/usr/bin/toilet -F border -E svg -f banner fd
/usr/bin/toilet -f bubble -F border -E svg fd
/usr/bin/toilet -f bubble -F border -E svg fd
/usr/bin/toilet -E svg -f bubble -F border fd
/usr/bin/toilet -f bubble -F border -E svg fd
/usr/bin/toilet -F gay dffdfd
/usr/bin/toilet -F gay dffdfd
/usr/bin/toilet -F gay bn 
/usr/bin/toilet -F gay re
/usr/bin/toilet -F gay re
/usr/bin/rig
/usr/bin/toilet -E html -F gay -f mono12 welcome home
/usr/bin/toilet rtetetre
/usr/bin/toilet -F gay qds
/usr/bin/rig
/usr/bin/toilet -E html -F gay -f mono12 welcome home
/usr/bin/toilet -f banner fdsdfs
/usr/bin/toilet -F gay 
/usr/bin/toilet -F gay rezrez
/usr/bin/toilet -F gay rezrez
/usr/bin/toilet -F gay rezrez
/usr/bin/toilet -F gay rezrez
/usr/bin/toilet -F gay sddsds
/usr/bin/toilet dfssfdfds
/usr/bin/toilet dfssfdfds
/usr/bin/toilet -F gay -E svg dssqdsq
/usr/bin/toilet -E svg -F gay dssqdsq
/usr/bin/toilet -E svg rrereerre
/usr/bin/toilet -E svg rrereerre
/usr/bin/toilet -F gay sddsds
/usr/bin/toilet -F gay -E svg ds
/usr/bin/toilet -E svg dfsdfsdfs
/usr/bin/toilet 
/usr/bin/toilet -F crop 
/usr/bin/toilet -F flip sd
/usr/bin/toilet dsds
/usr/bin/toilet dsds
/usr/bin/toilet dsds
/usr/bin/toilet dsds
/usr/bin/toilet dsds
/usr/bin/toilet dsds
/usr/bin/toilet -F left ds
/usr/games/cowsay welcome home
/usr/bin/toilet -E html -F gay -f mono12 welcome home
/usr/bin/toilet -F border -F gay -F  -E svg welcome home
/usr/bin/toilet -F border -F gay -E svg -w 1000 welcome home
/usr/games/cowsay welcome home
/usr/games/cowsay -s 
/usr/bin/toilet -E html -F gay -f mono12 welcome home
/usr/bin/figlet welcome home
/usr/bin/toilet -E html -F gay -f mono12 welcome home
/usr/bin/toilet -E svg -f big -F gay -F border 123456
/usr/bin/toilet -E html -F gay -f mono12 welcome home
/usr/games/cowsay welcome home
/usr/bin/toilet -E html -F gay -f mono12 welcome home
/usr/bin/rig
/usr/bin/rig -c 10000000000
/usr/games/fortune -a
/usr/games/cowsay welcome home
/usr/bin/rig
/usr/bin/rig
/usr/bin/rig -m -f
/usr/bin/rig -c 2
/usr/bin/rig
/usr/bin/rig
/usr/bin/rig
/usr/bin/rig
/usr/bin/rig
/usr/bin/rig
/usr/bin/toilet -E html -F gay -f mono12 welcome home
/usr/bin/toilet -f banner 
/usr/bin/toilet -f banner fdsfdsfds
/usr/bin/toilet -E caca fdsdfs
/usr/bin/toilet -E utf8 ertretyter
/usr/bin/toilet -f lean -E utf8 fd
/usr/bin/toilet -F gay -F  fd
/usr/bin/toilet -E html fd
/usr/bin/toilet fd
/usr/bin/toilet -E html fd
/usr/bin/toilet fdsdf
/usr/bin/toilet fdds
/usr/bin/toilet -F border -F  fd
/usr/bin/toilet -F gay -F  dfs
/usr/bin/toilet -F gay -F  ds
/usr/bin/toilet -F gay -F  -E html erz
/usr/bin/toilet -E html fd
/usr/bin/toilet -f digital -E html dsf
/usr/bin/figlet welcome home
/usr/bin/toilet -E html -F gay -f mono12 welcome home
/usr/bin/toilet -o fd
/usr/bin/toilet -o fd
/usr/games/fortune -a
/usr/bin/toilet -E html -F gay -f mono12 welcome home
/usr/games/fortune -a
/usr/games/cowsay welcome home
/usr/bin/figlet welcome home
/usr/bin/rig
/usr/bin/toilet -E html -F gay -f mono12 welcome home
/usr/bin/rig
/usr/bin/toilet -E html -F gay -f mono12 welcome home
/usr/games/cowsay welcome home
/usr/games/cowsay -f cheese sd
/usr/games/cowsay -f apt sd
/usr/games/cowsay -f cock welcome home
/usr/games/cowsay -f flaming-sheep dsds
/usr/games/cowsay -f dragon-and-cow dsdsds
/usr/games/cowsay -f cheese 
/usr/bin/toilet -E html -F gay -f mono12 welcome home
/usr/games/fortune -a
/usr/games/fortune -a
/usr/games/fortune -a
/usr/games/fortune -a
/usr/games/fortune -a
/usr/games/fortune 1% fortunes
/usr/games/fortune 1% riddles
/usr/games/fortune
/usr/games/fortune fortunes
/usr/games/fortune
/usr/games/fortune literature
/usr/games/fortune
/usr/games/fortune literature
/usr/games/fortune
/usr/games/fortune riddles
/usr/games/fortune riddles
/usr/games/fortune
/usr/games/fortune
/usr/games/fortune
/usr/games/fortune
/usr/bin/toilet -E html -F gay -f mono12 welcome home
/usr/bin/figlet welcome home
/usr/games/fortune -a
/usr/bin/figlet welcome home
/usr/bin/figlet -f bubble bvvbcvbc
/usr/bin/rig
/usr/bin/toilet -E html -F gay -f mono12 welcome home
/usr/bin/toilet -F gay -F gay welcome home
/usr/bin/toilet -F gay -F metal welcome home
/usr/bin/toilet -F flop -F gay 
/usr/bin/toilet -F gay -F flip welcome home
/usr/bin/toilet -E html -F gay -F flip 
/usr/bin/toilet -F 180 -F gay -E html gfhhgfhgfhgf
/usr/bin/toilet -F 180 -F gay -E html gfhhgfhgfhgf
/usr/bin/rig
/usr/bin/toilet -E html -F gay -f mono12 welcome home
/usr/bin/toilet -w 108 -F gay -F  welcome home
/usr/bin/toilet -w 178 -F gay -F  -E html welcome home
/usr/bin/toilet -F gay -F  -E html -w 178 welcome home
/usr/bin/rig
/usr/bin/toilet -E html -F gay -f mono12 welcome home
/usr/bin/toilet -f banner -F gay -F  -w 1000 welcome home
/usr/bin/toilet -E html -f banner -F gay -F  welcome home
/usr/games/cowsay welcome home
/usr/bin/toilet -E html -F gay -f mono12 welcome home
/usr/bin/toilet welcome home
/usr/bin/toilet welcome home
/usr/bin/toilet welcome home
/usr/bin/toilet welcome home
/usr/bin/toilet welcome home
/usr/bin/toilet welcome home
/usr/bin/toilet fd
/usr/bin/toilet fd
/usr/bin/toilet fd
/usr/bin/rig
/usr/bin/toilet -E html -F gay -f mono12 welcome home
/usr/bin/toilet -t 1000 welcome home
/usr/bin/toilet -t 1 welcome home
/usr/bin/toilet -t 5 fd
/usr/bin/toilet fd
/usr/bin/toilet -w 10 welcome home
/usr/bin/toilet -w 100 welcome home
/usr/bin/rig
/usr/bin/toilet -E html -F gay -f mono12 welcome home
/usr/bin/toilet 
/usr/bin/toilet -E caca welcome home
/usr/bin/toilet -E ps welcome home
/usr/bin/figlet welcome home
/usr/bin/toilet -E html -F gay -f mono12 welcome home
/usr/bin/figlet welcome home
/usr/bin/rig
/usr/games/fortune -a
/usr/games/fortune -a
/usr/games/fortune -a
/usr/games/fortune -a
/usr/games/fortune -a
/usr/bin/rig
/usr/bin/rig
/usr/bin/rig
/usr/bin/rig
/usr/bin/rig
/usr/bin/rig
/usr/bin/rig
/usr/bin/rig -c 6
/usr/bin/rig -c 6
/usr/games/cowsay welcome home
/usr/games/cowsay -f cock vcvc
/usr/games/cowsay -f cheese wx
/usr/games/cowsay -f cheese wx
/usr/bin/toilet -E html -F gay -f mono12 welcome home
/usr/bin/toilet -F gay -F border -E html -f big welcome home
/usr/games/fortune -a
/usr/games/fortune
/usr/games/fortune 6% goedel 9% startrek
/usr/games/fortune
/usr/games/fortune 100% food
/usr/games/fortune 50% startrek 50% law
/usr/games/fortune -a
/usr/bin/toilet -E html -F gay -f mono12 welcome home
/usr/bin/toilet -E html -w 1000 welcome home
/usr/games/cowsay welcome home
/usr/games/cowsay -f daemon sddsqqds
/usr/bin/toilet -E html -F gay -f mono12 welcome home
/usr/bin/rig
/usr/bin/toilet -E html -F gay -f mono12 welcome home
/usr/games/cowsay welcome home
/usr/bin/toilet -E html -F gay -f mono12 welcome home
/usr/bin/toilet -E html -F gay -f mono12 welcome home
/usr/games/fortune -a
/usr/bin/toilet -E html -F gay -f mono12 welcome home
/usr/bin/toilet -E html -F gay -f mono12 welcome home
/usr/bin/toilet -E html -F gay -f mono12 welcome home
/usr/bin/toilet -E html -F gay -f mono12 welcome home
/usr/bin/toilet -E html -F gay -f mono12 welcome home
/usr/bin/toilet -E html -F gay -f mono12 welcome home
/usr/bin/toilet -E html -F gay -f mono12 welcome home
/usr/bin/toilet -E html -F gay -f mono12 welcome home
/usr/bin/toilet -E html -F gay -f mono12 welcome home
/usr/bin/toilet -E html -F gay -f mono12 welcome home
/usr/bin/toilet -E html -F gay -f mono12 welcome home
/usr/bin/toilet -E html -F gay -f mono12 welcome home
/usr/bin/toilet -E html -F gay -f mono12 welcome home
/usr/bin/toilet -E html -F gay -f mono12 welcome home
/usr/bin/toilet -E html -F gay -f mono12 welcome home
/usr/bin/toilet -E html -F gay -f mono12 welcome home
/usr/bin/figlet welcome home
/usr/bin/figlet -C moscow vcghfgh
/usr/bin/figlet fsdfdsdf
/usr/bin/figlet -f banner dsfdfssdfsdfdsfdfs
/usr/bin/figlet -f banner dsfdfssdfsdfdsfdfs
/usr/games/cowsay welcome home
/usr/games/fortune -a
/usr/games/cowsay welcome home
/usr/bin/rig
/usr/bin/rig
/usr/bin/rig
/usr/bin/rig
/usr/bin/rig
/usr/bin/rig
/usr/bin/rig
/usr/bin/rig
/usr/bin/rig
/usr/bin/rig
/usr/bin/rig
/usr/bin/rig
/usr/bin/rig
/usr/bin/rig
/usr/bin/rig
/usr/bin/figlet welcome home
/usr/games/cowsay welcome home
/usr/bin/rig
/usr/games/cowsay welcome home
/usr/games/fortune -a
/usr/games/fortune -a
/usr/bin/figlet welcome home
/usr/games/cowsay welcome home
/usr/games/cowsay welcome home
/usr/games/cowsay welcome home
/usr/bin/toilet -E html -F gay -f mono12 welcome home
/usr/bin/toilet -w 1000 welcome home
/usr/bin/toilet -F gay -F  -E html -w 1000 welcome home
/usr/bin/toilet -F gay -F  -E html3 -w 1000 -f big welcome home
/usr/bin/figlet welcome home
/usr/bin/figlet -w 0 welcome home
/usr/bin/figlet -f shadow welcome home
/usr/bin/figlet -f digital welcome home
/usr/bin/rig
/usr/bin/rig
/usr/bin/rig -c 10
/usr/bin/rig -c 10
/usr/bin/rig -c 10
/usr/bin/rig -c 10
/usr/bin/rig -c 1
/usr/bin/rig -c 2
/usr/bin/rig -c 10
/usr/bin/rig -c 10
/usr/bin/rig -c 10
/usr/bin/rig -c 10
/usr/bin/rig -c 10
/usr/bin/rig -c 10
/usr/bin/rig -c 2
/usr/bin/rig -c 2
/usr/bin/rig -c 2
/usr/bin/rig -c 2
/usr/games/fortune -a
/usr/games/cowsay welcome home
/usr/bin/rig
/usr/bin/toilet -E html -F gay -f mono12 welcome home
/usr/bin/figlet welcome home
/usr/bin/toilet -E html -F gay -f mono12 welcome home
/usr/bin/toilet -w 1000 -f mono12 -F gay -F  -E html welcome home
/usr/bin/toilet -f mono12 -F gay -F  -E html -w 1000 welcome home
/usr/bin/rig
/usr/bin/rig -c 2
/usr/bin/rig -c 2
/usr/bin/rig -c 100000
/usr/bin/rig -c 100000
/usr/bin/rig -c 100000
/usr/bin/rig -c 100000
/usr/bin/rig -c 100000
/usr/bin/rig -c 100000
/usr/bin/rig -c 100000
/usr/bin/rig -c 100
/usr/bin/rig -c 100000
/usr/bin/rig -c 100000
/usr/bin/rig -c 100000
/usr/bin/rig -c 100000
/usr/bin/figlet welcome home
/usr/games/cowsay welcome home
/usr/games/fortune -a
/usr/games/fortune -a
/usr/games/fortune -a
/usr/games/fortune 100% startrek
/usr/games/fortune 100% startrek
/usr/games/fortune 100% startrek
/usr/games/fortune 100% startrek
/usr/games/fortune -a
/usr/games/fortune -a
/usr/games/fortune
/usr/games/fortune
/usr/games/fortune -a
/usr/games/fortune -a
/usr/games/fortune -a
/usr/games/fortune -a
/usr/games/fortune
/usr/games/fortune -a
/usr/games/fortune
/usr/games/fortune
/usr/games/fortune
/usr/games/fortune
/usr/games/fortune -a
/usr/games/fortune -a
/usr/games/fortune -a
/usr/games/fortune -a
/usr/games/fortune -a
/usr/games/fortune -a
/usr/games/fortune -a
/usr/games/fortune -a
/usr/games/fortune
/usr/games/fortune -a
/usr/games/fortune -a
/usr/games/fortune -a
/usr/games/fortune -a
/usr/games/fortune -a
/usr/games/fortune -a
/usr/games/fortune -a
/usr/games/fortune -a
/usr/games/fortune -a
/usr/games/fortune -a
/usr/games/fortune -a
/usr/games/fortune -a
/usr/games/fortune -a
/usr/games/fortune -a
/usr/games/fortune -a
/usr/games/fortune -a
/usr/games/fortune -a
/usr/games/cowsay welcome home
/usr/games/cowthink welcome home
/usr/bin/figlet welcome home
/usr/bin/toilet -E html -F gay -f mono12 welcome home
/usr/games/fortune -a
/usr/games/fortune -a
/usr/games/fortune
/usr/games/fortune
/usr/games/fortune
/usr/bin/toilet -E html -F gay -f mono12 welcome home
/usr/games/cowsay welcome home
/usr/games/cowsay welcome home
/usr/games/cowsay welcome home
/usr/bin/rig
/usr/bin/figlet welcome home
/usr/bin/figlet welcome home
/usr/bin/toilet -E html -F gay -f mono12 welcome home
/usr/bin/toilet -E html -F gay -f mono12 welcome home
/usr/bin/toilet -E html -F gay -f mono12 welcome home
/usr/games/fortune -a
/usr/bin/rig
/usr/bin/toilet -E html -F gay -f mono12 welcome home
/usr/bin/figlet welcome home
/usr/bin/toilet -E html -F gay -f mono12 welcome home
/usr/games/cowsay welcome home
/usr/bin/toilet -E html -F gay -f mono12 welcome home
/usr/bin/toilet -E html -F gay -f mono12 welcome home
/usr/bin/toilet -E html -F gay -f mono12 welcome home
/usr/games/fortune -a
/usr/bin/figlet welcome home
/usr/bin/figlet -f banner welcome home
/usr/bin/rig
/usr/games/cowsay welcome home
/usr/bin/toilet -E html -F gay -f mono12 welcome home
/usr/bin/figlet welcome home
/usr/bin/rig
/usr/games/cowsay welcome home
/usr/bin/rig
/usr/bin/toilet -E html -F gay -f mono12 welcome home
/usr/games/cowsay welcome home
/usr/bin/toilet -E html -F gay -f mono12 welcome home
/usr/games/cowsay welcome home
/usr/games/fortune -a
/usr/bin/figlet welcome home
/usr/bin/figlet -C frango -f big welcome home
/usr/bin/figlet -f big welcome home
/usr/bin/figlet -f bubble welcome home
/usr/bin/figlet -f ivrit welcome home
/usr/bin/figlet -f smscript welcome home
/usr/games/fortune -a
/usr/games/fortune
/usr/games/fortune
/usr/games/fortune
/usr/bin/figlet welcome home
/usr/games/fortune -a
/usr/games/cowsay welcome home
/usr/games/cowsay welcome home
/usr/games/fortune -a
/usr/games/cowsay welcome home
/usr/bin/rig
/usr/bin/toilet -E html -F gay -f mono12 welcome home
/usr/bin/figlet welcome home
/usr/games/fortune -a
/usr/games/fortune -a
/usr/games/cowsay welcome home
/usr/bin/rig
/usr/bin/toilet -E html -F gay -f mono12 welcome home
/usr/bin/figlet welcome home
/usr/bin/figlet -m 1 -f banner -w 1 fdsdfsdsf
/usr/bin/figlet welcome home
/usr/games/fortune -a
/usr/games/cowsay welcome home
/usr/bin/toilet -E html -F gay -f mono12 welcome home
/usr/bin/figlet welcome home
/usr/games/cowsay welcome home
/usr/bin/toilet -E html -F gay -f mono12 welcome home
/usr/bin/rig
/usr/games/fortune -a
/usr/bin/figlet welcome home
/usr/games/fortune -a
/usr/bin/figlet welcome home
/usr/bin/figlet 
/usr/bin/figlet -C uskata dssdsd
/usr/bin/figlet -C moscow sdsdsd
/usr/bin/figlet -f banner -C uskata sdsdsd
/usr/bin/figlet -f ivrit -C utf8 sdsdsd
/usr/bin/figlet -f banner sddqsqsdqsd
/usr/bin/figlet -f banner -C 646-jp qsqsdqsdfq
/usr/bin/figlet -f banner -C 646-es sdfsdfsdfsdf
/usr/bin/rig
/usr/bin/figlet welcome home
/usr/games/fortune -a
/usr/bin/toilet -E html -F gay -f mono12 welcome home
/usr/bin/rig
/usr/games/cowsay welcome home
/usr/games/cowsay welcome home
/usr/games/cowsay welcome home
/usr/bin/figlet welcome home
/usr/bin/figlet welcome home
/usr/bin/figlet welcome home
/usr/games/fortune -a
/usr/bin/rig
/usr/bin/toilet -E html -F gay -f mono12 welcome home
/usr/bin/toilet -E html -F gay -f mono12 welcome home
/usr/bin/figlet welcome home
/usr/bin/figlet welcome home
/usr/bin/figlet welcome home
/usr/bin/toilet -E html -F gay -f mono12 welcome home
/usr/bin/rig
/usr/games/cowsay welcome home
/usr/games/fortune -a
/usr/bin/rig
/usr/bin/rig
/usr/bin/rig
/usr/bin/rig
/usr/bin/rig
/usr/bin/rig
/usr/bin/rig
/usr/bin/rig
/usr/bin/rig
/usr/bin/rig
/usr/bin/rig
/usr/bin/rig
/usr/bin/rig
/usr/bin/rig
/usr/bin/rig
/usr/bin/rig
/usr/bin/rig
/usr/bin/rig
/usr/bin/rig
/usr/bin/rig
/usr/bin/rig
/usr/bin/rig -c 2
/usr/bin/rig
/usr/bin/rig
/usr/bin/rig
/usr/bin/rig
/usr/bin/rig
/usr/bin/rig
/usr/bin/rig
/usr/bin/rig -c 2
/usr/bin/rig -c 2
/usr/bin/rig -c 2
/usr/bin/rig -c 2
/usr/bin/rig -c 2
/usr/bin/rig -c 2
/usr/bin/rig
/usr/bin/rig -c 2
/usr/bin/rig -c 2
/usr/bin/rig -c 2
/usr/bin/rig -c 2
/usr/bin/rig
/usr/bin/rig
/usr/bin/rig
/usr/bin/rig
/usr/bin/rig
/usr/bin/rig
/usr/bin/rig
/usr/bin/rig
/usr/bin/rig
/usr/bin/rig
/usr/bin/rig
/usr/games/fortune -a
/usr/bin/rig
/usr/bin/rig -c 2
/usr/bin/rig -c 2
/usr/bin/rig -c 2
/usr/bin/rig -c 2
/usr/bin/rig -c 2
/usr/bin/rig
/usr/bin/rig
/usr/bin/rig
/usr/bin/rig
/usr/bin/rig
/usr/bin/rig
/usr/bin/rig
/usr/bin/rig
/usr/bin/rig
/usr/bin/rig
/usr/bin/rig
/usr/bin/rig
/usr/bin/rig
/usr/bin/rig
/usr/bin/rig
/usr/bin/rig
/usr/bin/rig
/usr/bin/rig
/usr/bin/rig
/usr/bin/rig
/usr/bin/rig
/usr/bin/rig
/usr/bin/rig
/usr/bin/rig
/usr/bin/rig
/usr/bin/rig
/usr/bin/rig
/usr/bin/rig
/usr/bin/rig
/usr/bin/rig
/usr/bin/rig
/usr/bin/rig
/usr/bin/rig
/usr/bin/rig
/usr/bin/rig
/usr/bin/rig
/usr/bin/rig
/usr/bin/rig
/usr/bin/rig
/usr/bin/rig
/usr/bin/rig
/usr/bin/rig
/usr/bin/rig
/usr/bin/rig
/usr/bin/rig
/usr/bin/rig
/usr/bin/rig
/usr/bin/rig
/usr/bin/rig
/usr/bin/rig
/usr/bin/rig
/usr/bin/rig
/usr/bin/rig
/usr/bin/rig
/usr/bin/rig
/usr/bin/rig
/usr/bin/rig
/usr/bin/rig
/usr/bin/rig
/usr/bin/rig
/usr/bin/rig -c 3
/usr/bin/rig -c 3
/usr/bin/rig -c 3
/usr/bin/rig -c 3
/usr/bin/rig -c 3
/usr/bin/rig -c 50
/usr/bin/rig -c 1000
/usr/bin/rig -c 10000
/usr/games/cowsay welcome home
/usr/games/fortune -a
/usr/bin/rig
/usr/bin/toilet -E html -F gay -f mono12 welcome home
/usr/bin/figlet welcome home
/usr/bin/rig
/usr/bin/rig -c 3000
/usr/bin/rig
/usr/games/cowsay welcome home
/usr/bin/toilet -E html -F gay -f mono12 welcome home
/usr/bin/figlet welcome home
/usr/games/fortune -a
/usr/games/fortune -a
/usr/games/fortune -a
/usr/games/fortune -a
/usr/games/fortune -a
/usr/bin/figlet welcome home
/usr/bin/figlet welcome home
/usr/bin/figlet welcome home
/usr/bin/toilet -E html -F gay -f mono12 welcome home
/usr/bin/toilet -E html -F gay -f mono12 welcome home
/usr/bin/toilet -E html -F gay -f mono12 welcome home
/usr/bin/toilet -F gay -F metal -E utf8 welcome home
/usr/bin/toilet -f banner -F gay -F metal -E utf8 welcome home
/usr/bin/toilet -f big -F metal -F gay 
/usr/bin/toilet -E ansi -f big -F metal -F gay 
/usr/bin/toilet -E caca welcome home
/usr/bin/toilet -E ansi welcome home
/usr/bin/toilet -E utf8 welcome home
/usr/bin/toilet -E utf8 -f big -F 180 -F 180 welcome home
/usr/bin/toilet -E utf8 welcome home
/usr/bin/toilet -E html welcome home
/usr/bin/toilet -F metal -F gay welcome home
/usr/games/fortune -a
/usr/bin/figlet welcome home
/usr/bin/toilet -E html -F gay -f mono12 welcome home
/usr/bin/rig
/usr/bin/rig
/usr/bin/rig
/usr/bin/rig
/usr/bin/rig -c 10
/usr/bin/rig -c 10
/usr/games/fortune -a
/usr/games/fortune -a
/usr/games/fortune -a
/usr/games/fortune -a
/usr/games/fortune -a
/usr/games/fortune -a
/usr/games/fortune -a
/usr/games/fortune -a
/usr/games/fortune -a
/usr/games/cowsay welcome home
/usr/bin/rig
/usr/bin/toilet -E html -F gay -f mono12 welcome home
/usr/bin/toilet -f digital -F crop -F gay -E html3 welcome home
/usr/bin/figlet welcome home
/usr/games/fortune -a
/usr/games/cowsay welcome home
/usr/bin/rig
/usr/bin/toilet -E html -F gay -f mono12 welcome home
/usr/games/cowsay welcome home
/usr/bin/figlet welcome home
/usr/games/fortune -a
/usr/bin/rig
/usr/bin/toilet -E html -F gay -f mono12 welcome home
/usr/bin/figlet welcome home
/usr/games/cowsay welcome home
/usr/bin/figlet welcome home
/usr/games/fortune -a
/usr/bin/rig
/usr/bin/toilet -E html -F gay -f mono12 welcome home
/usr/bin/toilet -E html -F gay -f mono12 welcome home
/usr/bin/rig
/usr/bin/figlet welcome home
/usr/games/fortune -a
/usr/games/cowsay welcome home
/usr/bin/toilet -E html -F gay -f mono12 welcome home
/usr/bin/toilet rr
/usr/bin/toilet -E html re
/usr/bin/toilet -E html3 re
/usr/bin/toilet -E html -F gay -F  re
/usr/bin/rig
/usr/games/fortune -a
/usr/games/fortune -a
