
fortune
cowsay -l
cowsay hello
fortune
fortune
fortune
fortune
fortune
fortune
fortune
fortune
fortune
fortune
fortune
fortune
fortune
figlist
figlist
fortune
fortune
fortune -n 1
fortune -f
fortune
cowsay -l
cowsay hello
cowsay hello
cowsay -l
fortune
fortune -n 1
fortune -f
cowsay hello
cowsay -l
rig -c 1
toilet -F list
figlist
toilet -E list
toilet -f smscript -E caca -F  -F  enculay
toilet -f smscript -E caca -F  -F  enculay
toilet -f smscript -E utf8 -F  -F  enculay
toilet -f smscript -E irc -F  -F  enculay
toilet -f smscript -E irc -F  -F  enculay
toilet -f smscript -E irc -F  -F  enculay
toilet -f smscript -E irc -F  -F  enculay
toilet -f smscript -E html -F  -F  enculay
toilet -f smscript -E bbfr -F  -F  enculay
toilet -f smscript -E svg -F  -F  enculay
toilet -f mnemonic -E svg -F  -F  enculay
toilet -f mnemonic -E caca -F  -F  enculay
toilet -f shadow -E caca -F  -F  enculay
toilet -f shadow -E caca -F  -F  enculay
toilet -f shadow -E caca -F  -F  enculay
toilet -f shadow -E caca -F  -F  enculay
toilet -f shadow -E utf8 -F 180 -F  enculay
toilet -f shadow -E utf8 -F gay -F  enculay
toilet -f shadow -E utf8 -F crop -F  enculay
toilet -f shadow -E html -F gay -F  enculay
toilet -F list
figlist
toilet -E list
toilet -f banner -E ansi hello
toilet -f banner -E ansi hey
toilet -f banner -E html hey
rig -c 1
rig -c 1
rig -c 1
rig -c 1
rig -c 1
rig -m -c 1
rig -m -f -c 1
rig -m -f -c 1
rig -m -f -c 1
rig -m -f -c 1
rig -m -f -c 1
rig -m -f -c 1
rig -m -f -c 1
rig -m -f -c 35
rig -m -f -c 1
rig -m -f -c 1000000000000000
rig -m -f -c 1000000000000000
rig -m -f -c 1000000000000000
rig -m -f -c 1000000000
rig -m -f -c 10000
rig -m -f -c 1000
rig -m -f -c 1000
rig -m -f -c 1000
rig -m -f -c 10000
fortune
